c:\users\charlotte\documents\algorithm\5107comp-dsag-shootertemplate25\5107comp-dsag-shootertemplate25\obj\x64\debug\vc141.pdb
c:\users\charlotte\documents\algorithm\5107comp-dsag-shootertemplate25\5107comp-dsag-shootertemplate25\obj\x64\debug\vc141.idb
c:\users\charlotte\documents\algorithm\5107comp-dsag-shootertemplate25\5107comp-dsag-shootertemplate25\obj\x64\debug\main.obj
c:\users\charlotte\documents\algorithm\5107comp-dsag-shootertemplate25\5107comp-dsag-shootertemplate25\obj\x64\debug\ljmuinterfaces.obj
c:\users\charlotte\documents\algorithm\5107comp-dsag-shootertemplate25\5107comp-dsag-shootertemplate25\obj\x64\debug\ljmusettings.obj
c:\users\charlotte\documents\algorithm\5107comp-dsag-shootertemplate25\5107comp-dsag-shootertemplate25\obj\x64\debug\ljmugamebase.obj
c:\users\charlotte\documents\algorithm\5107comp-dsag-shootertemplate25\5107comp-dsag-shootertemplate25\obj\x64\debug\ljmuanimsprite.obj
c:\users\charlotte\documents\algorithm\5107comp-dsag-shootertemplate25\5107comp-dsag-shootertemplate25\obj\x64\debug\gamescreenmenusub.obj
c:\users\charlotte\documents\algorithm\5107comp-dsag-shootertemplate25\5107comp-dsag-shootertemplate25\obj\x64\debug\gamescreenmenuroot.obj
c:\users\charlotte\documents\algorithm\5107comp-dsag-shootertemplate25\5107comp-dsag-shootertemplate25\obj\x64\debug\gamescreenmenupause.obj
c:\users\charlotte\documents\algorithm\5107comp-dsag-shootertemplate25\5107comp-dsag-shootertemplate25\obj\x64\debug\gamescreenmenubg.obj
c:\users\charlotte\documents\algorithm\5107comp-dsag-shootertemplate25\5107comp-dsag-shootertemplate25\obj\x64\debug\gameplayer.obj
c:\users\charlotte\documents\algorithm\5107comp-dsag-shootertemplate25\5107comp-dsag-shootertemplate25\obj\x64\debug\gamemanager.obj
c:\users\charlotte\documents\algorithm\5107comp-dsag-shootertemplate25\5107comp-dsag-shootertemplate25\obj\x64\debug\gameenemy.obj
c:\users\charlotte\documents\algorithm\5107comp-dsag-shootertemplate25\5107comp-dsag-shootertemplate25\obj\x64\debug\gamecontrols.obj
c:\users\charlotte\documents\algorithm\5107comp-dsag-shootertemplate25\5107comp-dsag-shootertemplate25\obj\x64\debug\gamebullet.obj
c:\users\charlotte\documents\algorithm\5107comp-dsag-shootertemplate25\5107comp-dsag-shootertemplate25\obj\x64\debug\gamescreenmain.obj
c:\users\charlotte\documents\algorithm\5107comp-dsag-shootertemplate25\5107comp-dsag-shootertemplate25\obj\x64\debug\gamescreenmenu.obj
c:\users\charlotte\documents\algorithm\5107comp-dsag-shootertemplate25\5107comp-dsag-shootertemplate25\obj\x64\debug\gamescreentest.obj
c:\users\charlotte\documents\algorithm\5107comp-dsag-shootertemplate25\5107comp-dsag-shootertemplate25\bin\x64\debug\5107comp-dsag-shootergame.pdb
c:\users\charlotte\documents\algorithm\5107comp-dsag-shootertemplate25\5107comp-dsag-shootertemplate25\obj\x64\debug\5107comp.d7ca92dc.tlog\cl.command.1.tlog
c:\users\charlotte\documents\algorithm\5107comp-dsag-shootertemplate25\5107comp-dsag-shootertemplate25\obj\x64\debug\5107comp.d7ca92dc.tlog\cl.read.1.tlog
c:\users\charlotte\documents\algorithm\5107comp-dsag-shootertemplate25\5107comp-dsag-shootertemplate25\obj\x64\debug\5107comp.d7ca92dc.tlog\cl.write.1.tlog
c:\users\charlotte\documents\algorithm\5107comp-dsag-shootertemplate25\5107comp-dsag-shootertemplate25\obj\x64\debug\5107comp.d7ca92dc.tlog\link-cvtres.read.1.tlog
c:\users\charlotte\documents\algorithm\5107comp-dsag-shootertemplate25\5107comp-dsag-shootertemplate25\obj\x64\debug\5107comp.d7ca92dc.tlog\link-cvtres.write.1.tlog
c:\users\charlotte\documents\algorithm\5107comp-dsag-shootertemplate25\5107comp-dsag-shootertemplate25\obj\x64\debug\5107comp.d7ca92dc.tlog\link-rc.read.1.tlog
c:\users\charlotte\documents\algorithm\5107comp-dsag-shootertemplate25\5107comp-dsag-shootertemplate25\obj\x64\debug\5107comp.d7ca92dc.tlog\link-rc.write.1.tlog
c:\users\charlotte\documents\algorithm\5107comp-dsag-shootertemplate25\5107comp-dsag-shootertemplate25\obj\x64\debug\5107comp.d7ca92dc.tlog\link.command.1.tlog
c:\users\charlotte\documents\algorithm\5107comp-dsag-shootertemplate25\5107comp-dsag-shootertemplate25\obj\x64\debug\5107comp.d7ca92dc.tlog\link.read.1.tlog
c:\users\charlotte\documents\algorithm\5107comp-dsag-shootertemplate25\5107comp-dsag-shootertemplate25\obj\x64\debug\5107comp.d7ca92dc.tlog\link.write.1.tlog
